2025-09-10 01:43:37,619 - [INFO]: manifest version 202506131045 loaded from cache
2025-09-10 01:43:37,664 - [INFO]: Start Unhashing DB.
2025-09-10 01:43:37,945 - [INFO]: Unhashing complete.
2025-09-10 01:46:11,725 - [INFO]: manifest version 202506131045 loaded from cache
2025-09-10 01:46:11,754 - [INFO]: Start Unhashing DB.
2025-09-10 01:46:12,024 - [INFO]: Unhashing complete.
2025-09-10 01:48:06,666 - [INFO]: manifest version 202506131045 loaded from cache
2025-09-10 01:48:06,695 - [INFO]: Start Unhashing DB.
2025-09-10 01:48:06,969 - [INFO]: Unhashing complete.
2025-09-10 01:48:56,240 - [INFO]: manifest version 202506131045 loaded from cache
2025-09-10 01:48:56,269 - [INFO]: Start Unhashing DB.
2025-09-10 01:48:56,542 - [INFO]: Unhashing complete.
2025-09-10 01:49:26,557 - [INFO]: doing cron check in 1 48
2025-09-10 01:49:26,558 - [INFO]: doing cron check in 1 49
2025-09-10 01:49:27,310 - [INFO]: using cache G:\桌面\8040\HoshinoBot-master\hoshino\modules\priconne\arena\buffer\buffer.json
2025-09-10 01:50:30,029 - [INFO]: manifest version 202506131045 loaded from cache
2025-09-10 01:50:30,059 - [INFO]: Start Unhashing DB.
2025-09-10 01:50:30,328 - [INFO]: Unhashing complete.
2025-09-10 01:51:00,344 - [INFO]: doing cron check in 1 50
2025-09-10 01:51:00,345 - [INFO]: doing cron check in 1 51
2025-09-10 01:51:01,062 - [INFO]: using cache G:\桌面\8040\HoshinoBot-master\hoshino\modules\priconne\arena\buffer\buffer.json
2025-09-10 01:51:55,655 - [INFO]: manifest version 202506131045 loaded from cache
2025-09-10 01:51:55,685 - [INFO]: Start Unhashing DB.
2025-09-10 01:51:55,956 - [INFO]: Unhashing complete.
2025-09-10 01:52:25,966 - [INFO]: doing cron check in 1 51
2025-09-10 01:52:25,967 - [INFO]: doing cron check in 1 52
2025-09-10 01:52:26,803 - [INFO]: using cache G:\桌面\8040\HoshinoBot-master\hoshino\modules\priconne\arena\buffer\buffer.json
2025-09-10 01:53:00,735 - [INFO]: manifest version 202506131045 loaded from cache
2025-09-10 01:53:00,765 - [INFO]: Start Unhashing DB.
2025-09-10 01:53:01,037 - [INFO]: Unhashing complete.
2025-09-10 01:53:31,051 - [INFO]: doing cron check in 1 53
2025-09-10 01:53:31,729 - [INFO]: using cache G:\桌面\8040\HoshinoBot-master\hoshino\modules\priconne\arena\buffer\buffer.json
2025-09-10 01:54:01,055 - [INFO]: doing cron check in 1 54
2025-09-10 01:55:01,057 - [INFO]: doing cron check in 1 55
2025-09-10 01:56:01,051 - [INFO]: doing cron check in 1 56
2025-09-10 01:57:01,074 - [INFO]: doing cron check in 1 57
2025-09-10 01:58:01,090 - [INFO]: doing cron check in 1 58
2025-09-10 01:59:01,115 - [INFO]: doing cron check in 1 59
2025-09-10 02:00:01,137 - [INFO]: doing cron check in 2 0
2025-09-10 02:01:01,158 - [INFO]: doing cron check in 2 1
2025-09-10 02:02:01,183 - [INFO]: doing cron check in 2 2
2025-09-10 02:03:01,213 - [INFO]: doing cron check in 2 3
