2025-12-19 15:56:33,005 - [INFO]: manifest version 202509291854 loaded from cache
2025-12-19 15:56:33,122 - [INFO]: Start Unhashing DB.
2025-12-19 15:56:33,671 - [INFO]: Unhashing complete.
2025-12-19 15:56:42,976 - [INFO]: GET http://127.0.0.1:13200/daily/login - 200 - 127.0.0.1
2025-12-19 15:56:43,030 - [INFO]: GET http://127.0.0.1:13200/daily/assets/index-CZ-aIECf.js - 200 - 127.0.0.1
2025-12-19 15:56:43,046 - [INFO]: GET http://127.0.0.1:13200/daily/assets/vendor-DVc8nriA.js - 200 - 127.0.0.1
2025-12-19 15:56:43,051 - [INFO]: GET http://127.0.0.1:13200/daily/assets/motion-C13vZQA4.js - 200 - 127.0.0.1
2025-12-19 15:56:43,053 - [INFO]: GET http://127.0.0.1:13200/daily/assets/chakra-XY0lfFvN.js - 200 - 127.0.0.1
2025-12-19 15:56:43,055 - [INFO]: GET http://127.0.0.1:13200/daily/assets/xlsx-DrgRuPKf.js - 200 - 127.0.0.1
2025-12-19 15:56:43,425 - [INFO]: GET http://127.0.0.1:13200/daily/assets/autopcr-x7688d1P.svg - 200 - 127.0.0.1
2025-12-19 15:56:44,514 - [INFO]: POST http://127.0.0.1:13200/daily/api/login/qq - 400 - 127.0.0.1
2025-12-19 15:56:49,158 - [INFO]: POST http://127.0.0.1:13200/daily/api/login/qq - 200 - 127.0.0.1
2025-12-19 15:56:50,081 - [INFO]: using cache C:\Users\64536\Documents\autopcr\autopcr\..\./cache/buffer\buffer.json
2025-12-19 15:56:50,102 - [INFO]: GET http://127.0.0.1:13200/daily/api/account - 200 - 127.0.0.1
2025-12-19 15:56:50,112 - [INFO]: GET http://127.0.0.1:13200/daily/api/role - 200 - 127.0.0.1
2025-12-19 15:56:50,115 - [INFO]: GET http://127.0.0.1:13200/daily/api/query_validate - 200 - 127.0.0.1
2025-12-19 15:56:50,918 - [INFO]: GET http://127.0.0.1:13200/daily/api/account/我的账号 - 200 - 127.0.0.1
2025-12-19 15:56:51,178 - [INFO]: GET http://127.0.0.1:13200/daily/api/account/我的账号 - 200 - 127.0.0.1
2025-12-19 15:56:58,090 - [INFO]: PUT http://127.0.0.1:13200/daily/api/account/我的账号 - 200 - 127.0.0.1
2025-12-19 15:56:58,133 - [INFO]: GET http://127.0.0.1:13200/daily/api/account/我的账号 - 200 - 127.0.0.1
2025-12-19 15:56:59,978 - [INFO]: doing cron check in 15 56
2025-12-19 15:57:02,721 - [INFO]: GET http://127.0.0.1:13200/daily/api/account/我的账号/daily - 200 - 127.0.0.1
2025-12-19 15:57:20,711 - [INFO]: PUT http://127.0.0.1:13200/daily/api/account/我的账号/config - 200 - 127.0.0.1
2025-12-19 15:57:25,567 - [INFO]: GET http://127.0.0.1:13200/daily/api/query_validate - 200 - 127.0.0.1
2025-12-19 15:57:29,981 - [INFO]: doing cron check in 15 57
2025-12-19 16:00:03,045 - [INFO]: manifest version 202509291854 loaded from cache
2025-12-19 16:00:03,114 - [INFO]: Start Unhashing DB.
2025-12-19 16:00:03,544 - [INFO]: Unhashing complete.
2025-12-19 16:00:05,798 - [INFO]: GET http://127.0.0.1:13200/daily/api/query_validate - 401 - 127.0.0.1
2025-12-19 16:00:19,892 - [INFO]: GET http://127.0.0.1:13200/daily/account/我的账号 - 200 - 127.0.0.1
2025-12-19 16:00:20,273 - [INFO]: GET http://127.0.0.1:13200/daily/api/account/我的账号 - 401 - 127.0.0.1
2025-12-19 16:00:20,337 - [INFO]: GET http://127.0.0.1:13200/daily/api/role - 401 - 127.0.0.1
2025-12-19 16:00:21,566 - [INFO]: POST http://127.0.0.1:13200/daily/api/login/qq - 400 - 127.0.0.1
2025-12-19 16:00:24,634 - [INFO]: POST http://127.0.0.1:13200/daily/api/login/qq - 400 - 127.0.0.1
2025-12-19 16:00:27,046 - [INFO]: POST http://127.0.0.1:13200/daily/api/login/qq - 200 - 127.0.0.1
2025-12-19 16:00:27,757 - [INFO]: using cache C:\Users\64536\Documents\autopcr\autopcr\..\./cache/buffer\buffer.json
2025-12-19 16:00:27,765 - [INFO]: GET http://127.0.0.1:13200/daily/api/account - 200 - 127.0.0.1
2025-12-19 16:00:27,770 - [INFO]: GET http://127.0.0.1:13200/daily/api/role - 200 - 127.0.0.1
2025-12-19 16:00:27,771 - [INFO]: GET http://127.0.0.1:13200/daily/api/query_validate - 200 - 127.0.0.1
2025-12-19 16:00:29,887 - [INFO]: GET http://127.0.0.1:13200/daily/api/account/我的账号 - 200 - 127.0.0.1
2025-12-19 16:00:30,135 - [INFO]: GET http://127.0.0.1:13200/daily/api/account/我的账号 - 200 - 127.0.0.1
2025-12-19 16:00:30,169 - [INFO]: GET http://127.0.0.1:13200/daily/api/account/我的账号/cron - 200 - 127.0.0.1
2025-12-19 16:00:31,054 - [INFO]: doing cron check in 16 0
2025-12-19 16:00:33,701 - [INFO]: None requested SourceIniIndexRequest at /source_ini/index?format=json
2025-12-19 16:00:33,705 - [INFO]: None requested SourceIniIndexRequest at /source_ini/index?format=json
2025-12-19 16:00:33,879 - [INFO]: GET http://127.0.0.1:13200/daily/api/account/我的账号/daily - 200 - 127.0.0.1
2025-12-19 16:00:33,883 - [INFO]: None requested SourceIniIndexRequest at /source_ini/index?format=json
2025-12-19 16:00:33,944 - [INFO]: None requested SourceIniGetMaintenanceStatusRequest at /source_ini/get_maintenance_status?format=json
2025-12-19 16:00:33,951 - [INFO]: None requested SourceIniGetMaintenanceStatusRequest at /source_ini/get_maintenance_status?format=json
2025-12-19 16:00:34,079 - [INFO]: None requested SourceIniGetMaintenanceStatusRequest at /source_ini/get_maintenance_status?format=json
2025-12-19 16:00:42,280 - [INFO]: db version 202512161433 updated
2025-12-19 16:00:42,289 - [INFO]: Start Unhashing DB.
2025-12-19 16:00:51,011 - [INFO]: Unhashing complete.
2025-12-19 16:00:51,472 - [INFO]: use remote validator
2025-12-19 16:00:51,527 - [INFO]: use remote validator
2025-12-19 16:00:51,900 - [INFO]: {'info': 'in running'}
2025-12-19 16:00:51,948 - [INFO]: {'info': 'in running'}
2025-12-19 16:00:58,465 - [INFO]: db version 202512161437 updated
2025-12-19 16:00:58,475 - [INFO]: Start Unhashing DB.
2025-12-19 16:01:07,761 - [INFO]: Unhashing complete.
2025-12-19 16:01:07,766 - [INFO]: None requested ToolSdkLoginRequest at /tool/sdk_login
2025-12-19 16:01:07,772 - [INFO]: doing cron check in 16 1
2025-12-19 16:01:10,402 - [INFO]: {'info': {'captcha_type': 1, 'challenge': '79ca0101eb32e3de8c7551a82c71c241', 'code': 0, 'gs': 1, 'gt': '245273d7fa73f7b657098bf7441fe12f', 'gt_user_id': '7b039d96244445c699a8281e04af4f68', 'requestId': '7b73e46cddeb4176aead4ceccff62927', 'server_message': '', 'timestamp': '1766131250091', 'type': 'click|word', 'validate': '8b788e4aea4f1155cdde26cb226a81c2'}}
2025-12-19 16:01:10,403 - [INFO]: {'info': {'captcha_type': 1, 'challenge': 'a439f94b2a96dfb74e55ea11f73f7ea1', 'code': 0, 'gs': 1, 'gt': '245273d7fa73f7b657098bf7441fe12f', 'gt_user_id': 'ef73cb46389d472f84c125b60849d6b3', 'requestId': 'e9268116007d43049d06fa36c04db9f6', 'server_message': '', 'timestamp': '1766131249954', 'type': 'click|word', 'validate': '795e308b44a40da15873e80275290c92'}}
2025-12-19 16:01:10,405 - [INFO]: None requested CheckGameStartRequest at /check/game_start
2025-12-19 16:01:10,499 - [ERROR]: pcrclient: /check/game_start api failed=4 错误提示: 发生了错误(E)。\n回到标题界面。 (code=3)
2025-12-19 16:01:10,500 - [ERROR]: None requested CheckGameStartRequest at /check/game_start

2025-12-19 16:01:10,500 - [ERROR]: {
    "Accept-Encoding": "gzip",
    "User-Agent": "Dalvik/2.1.0 (Linux, U, Android 5.1.1, PCRT00 Build/LMY48Z)",
    "X-Unity-Version": "2021.3.20f1c1",
    "APP-VER": "10.7.1",
    "BATTLE-LOGIC-VERSION": "4",
    "BUNDLE-VER": "",
    "DEVICE": "2",
    "DEVICE-NAME": "OPPO PCRT00",
    "EXCEL-VER": "1.0.0",
    "GRAPHICS-DEVICE-NAME": "Adreno (TM) 640",
    "IP-ADDRESS": "10.0.2.15",
    "KEYCHAIN": "",
    "LOCALE": "CN",
    "PLATFORM-OS-VERSION": "Android OS 5.1.1 / API-22 (LMY48Z/rel.se.infra.20200612.100533)",
    "REGION-CODE": "",
    "RES-VER": "10002200",
    "SHORT-UDID": "0",
    "DEVICE-ID": "da904cfc59e5ec8740f0e6544349ad93",
    "RES-KEY": "d145b29050641dac2f8b19df0afe0e59",
    "PLATFORM": "2",
    "PLATFORM-ID": "4",
    "CHANNEL-ID": "1",
    "MANIFEST-VER": "202512161437",
    "REQUEST-ID": "f6bae727-df81-436a-b628-eaec3380d784"
}

2025-12-19 16:01:10,500 - [ERROR]: {
    "viewer_id": "JS8bImqLPuzeTvrXbt9xPDY3NjRhMTBiYWNlNmM2NzdhMmY3ZTFkNzA5NDllZWVi",
    "apptype": 0,
    "campaign_data": "",
    "campaign_user": 33406
}

2025-12-19 16:01:10,501 - [ERROR]: response from https://l1-prod-uo-gs-gzlj.bilibiligame.net/

2025-12-19 16:01:10,501 - [ERROR]: {
    "Server": "Tengine",
    "Content-Type": "application/x-msgpack",
    "Content-Length": "300",
    "Connection": "keep-alive",
    "Date": "Fri, 19 Dec 2025 08:01:08 GMT",
    "Via": "cache3.l2cn8060[72,72,200-0,M], cache3.l2cn8060[73,0], ens-cache22.cn8587[75,75,200-0,M], ens-cache22.cn8587[76,0]",
    "Ali-Swift-Global-Savetime": "1766131268",
    "X-Cache": "MISS TCP_MISS dirn:-2:-2",
    "X-Swift-SaveTime": "Fri, 19 Dec 2025 08:01:08 GMT",
    "X-Swift-CacheTime": "0",
    "Timing-Allow-Origin": "*",
    "EagleId": "7030b61c17661312685158539e"
}

2025-12-19 16:01:10,501 - [ERROR]: {
    "data_headers": {
        "short_udid": false,
        "viewer_id": 1203526417908,
        "sid": "",
        "servertime": 1766131268,
        "result_code": 4
    },
    "data": {
        "server_error": {
            "status": 3,
            "title": "错误提示",
            "message": "发生了错误(E)。\\n回到标题界面。"
        }
    }
}

2025-12-19 16:01:10,501 - [INFO]: None requested SourceIniIndexRequest at /source_ini/index?format=json
2025-12-19 16:01:10,761 - [INFO]: None requested SourceIniGetMaintenanceStatusRequest at /source_ini/get_maintenance_status?format=json
2025-12-19 16:01:10,793 - [INFO]: geetest or captcha succeed
2025-12-19 16:01:10,794 - [INFO]: None requested ToolSdkLoginRequest at /tool/sdk_login
2025-12-19 16:01:10,819 - [INFO]: geetest or captcha succeed
2025-12-19 16:01:10,821 - [INFO]: None requested ToolSdkLoginRequest at /tool/sdk_login
2025-12-19 16:01:10,888 - [INFO]: None requested ToolSdkLoginRequest at /tool/sdk_login
2025-12-19 16:01:11,020 - [INFO]: None requested CheckGameStartRequest at /check/game_start
2025-12-19 16:01:11,048 - [INFO]: None requested CheckGameStartRequest at /check/game_start
2025-12-19 16:01:11,099 - [INFO]: None requested CheckGameStartRequest at /check/game_start
2025-12-19 16:01:11,149 - [INFO]: None requested LoadIndexRequest at /load/index
2025-12-19 16:01:11,162 - [ERROR]: pcrclient: /check/game_start api failed=4 错误提示: 发生了错误(E)。\n回到标题界面。 (code=3)
2025-12-19 16:01:11,162 - [ERROR]: None requested CheckGameStartRequest at /check/game_start

2025-12-19 16:01:11,162 - [ERROR]: {
    "Accept-Encoding": "gzip",
    "User-Agent": "Dalvik/2.1.0 (Linux, U, Android 5.1.1, PCRT00 Build/LMY48Z)",
    "X-Unity-Version": "2021.3.20f1c1",
    "APP-VER": "10.7.1",
    "BATTLE-LOGIC-VERSION": "4",
    "BUNDLE-VER": "",
    "DEVICE": "2",
    "DEVICE-NAME": "OPPO PCRT00",
    "EXCEL-VER": "1.0.0",
    "GRAPHICS-DEVICE-NAME": "Adreno (TM) 640",
    "IP-ADDRESS": "10.0.2.15",
    "KEYCHAIN": "",
    "LOCALE": "CN",
    "PLATFORM-OS-VERSION": "Android OS 5.1.1 / API-22 (LMY48Z/rel.se.infra.20200612.100533)",
    "REGION-CODE": "",
    "RES-VER": "10002200",
    "SHORT-UDID": "0",
    "DEVICE-ID": "e10965fe6aa4cc4e51ddf4186f5dd49c",
    "RES-KEY": "ab00a0a6dd915a052a2ef7fd649083e5",
    "PLATFORM": "2",
    "PLATFORM-ID": "2",
    "CHANNEL-ID": "1",
    "MANIFEST-VER": "202512161433",
    "REQUEST-ID": "9d0f7d54-c3e8-4bb6-a1bf-874a53cd53df"
}

2025-12-19 16:01:11,163 - [ERROR]: {
    "viewer_id": "INb6O04KYa/x+xZXZJQDiTE3NmU4MjQ1ZGE0ZmZiMTZlNWQ1Yzk2NjYwZjA3MGRk",
    "apptype": 0,
    "campaign_data": "",
    "campaign_user": 24312
}

2025-12-19 16:01:11,163 - [ERROR]: response from https://l3-prod-all-gs-gzlj.bilibiligame.net/

2025-12-19 16:01:11,163 - [ERROR]: {
    "Server": "Tengine",
    "Date": "Fri, 19 Dec 2025 08:01:09 GMT",
    "Content-Type": "application/x-msgpack",
    "X-Cache-Lookup": "Cache Miss, Hit From Upstream Cluster, Cache Miss",
    "Transfer-Encoding": "chunked",
    "X-NWS-LOG-UUID": "6464875940199551221",
    "Connection": "keep-alive"
}

2025-12-19 16:01:11,164 - [ERROR]: {
    "data_headers": {
        "short_udid": false,
        "viewer_id": 1184060638735,
        "sid": "",
        "servertime": 1766131269,
        "result_code": 4
    },
    "data": {
        "server_error": {
            "status": 3,
            "title": "错误提示",
            "message": "发生了错误(E)。\\n回到标题界面。"
        }
    }
}

2025-12-19 16:01:11,164 - [INFO]: None requested SourceIniIndexRequest at /source_ini/index?format=json
2025-12-19 16:01:11,207 - [INFO]: None requested LoadIndexRequest at /load/index
2025-12-19 16:01:11,374 - [INFO]: None requested SourceIniGetMaintenanceStatusRequest at /source_ini/get_maintenance_status?format=json
2025-12-19 16:01:11,537 - [INFO]: None requested ToolSdkLoginRequest at /tool/sdk_login
2025-12-19 16:01:11,704 - [INFO]: None requested CheckGameStartRequest at /check/game_start
2025-12-19 16:01:11,906 - [INFO]: None requested LoadIndexRequest at /load/index
2025-12-19 16:01:12,243 - [INFO]: （月光）夏桀 requested HomeIndexRequest at /home/index
2025-12-19 16:01:12,362 - [INFO]: 早睡晚起身体好 requested HomeIndexRequest at /home/index
2025-12-19 16:01:12,366 - [ERROR]: pcrclient: /home/index api failed=6002 错误提示: 连接中断。\n回到标题界面。 (code=3)
2025-12-19 16:01:12,367 - [ERROR]: （月光）夏桀 requested HomeIndexRequest at /home/index

2025-12-19 16:01:12,368 - [ERROR]: {
    "Accept-Encoding": "gzip",
    "User-Agent": "Dalvik/2.1.0 (Linux, U, Android 5.1.1, PCRT00 Build/LMY48Z)",
    "X-Unity-Version": "2021.3.20f1c1",
    "APP-VER": "10.7.1",
    "BATTLE-LOGIC-VERSION": "4",
    "BUNDLE-VER": "",
    "DEVICE": "2",
    "DEVICE-NAME": "OPPO PCRT00",
    "EXCEL-VER": "1.0.0",
    "GRAPHICS-DEVICE-NAME": "Adreno (TM) 640",
    "IP-ADDRESS": "10.0.2.15",
    "KEYCHAIN": "",
    "LOCALE": "CN",
    "PLATFORM-OS-VERSION": "Android OS 5.1.1 / API-22 (LMY48Z/rel.se.infra.20200612.100533)",
    "REGION-CODE": "",
    "RES-VER": "10002200",
    "SHORT-UDID": "0",
    "DEVICE-ID": "bb7d8b6b92fe6c6f8dfe5391611109ef",
    "RES-KEY": "ab00a0a6dd915a052a2ef7fd649083e5",
    "PLATFORM": "2",
    "PLATFORM-ID": "2",
    "CHANNEL-ID": "1",
    "MANIFEST-VER": "202512161433",
    "REQUEST-ID": "10b058fa-1f83-4c14-9eec-1c5c9a227464",
    "SID": "59e4776c746f8d12881fa42c49c619fd"
}

2025-12-19 16:01:12,368 - [ERROR]: {
    "viewer_id": "p7GQCoWLhR55iJ5HQt/G/WQ0NTRhNTI0NDM5MmRmY2RjMTE3MzQwMzg5NjdlNTk2",
    "message_id": 1,
    "tips_id_list": [],
    "is_first": 1,
    "gold_history": 0
}

2025-12-19 16:01:12,368 - [ERROR]: response from https://l3-prod-all-gs-gzlj.bilibiligame.net/

2025-12-19 16:01:12,368 - [ERROR]: {
    "Server": "Tengine",
    "Date": "Fri, 19 Dec 2025 08:01:10 GMT",
    "Content-Type": "application/x-msgpack",
    "X-Cache-Lookup": "Cache Miss, Hit From Upstream Cluster, Cache Miss",
    "Transfer-Encoding": "chunked",
    "X-NWS-LOG-UUID": "3005822439663617530",
    "Connection": "keep-alive"
}

2025-12-19 16:01:12,369 - [ERROR]: {
    "data_headers": {
        "short_udid": false,
        "viewer_id": 1418696235578,
        "sid": "",
        "servertime": 1766131270,
        "result_code": 6002
    },
    "data": {
        "server_error": {
            "status": 3,
            "title": "错误提示",
            "message": "连接中断。\\n回到标题界面。"
        }
    }
}

2025-12-19 16:01:12,369 - [INFO]: （月光）夏桀 requested SourceIniIndexRequest at /source_ini/index?format=json
2025-12-19 16:01:12,373 - [INFO]: GET http://127.0.0.1:13200/daily/account/我的账号 - 304 - 127.0.0.1
2025-12-19 16:01:12,490 - [ERROR]: pcrclient: /home/index api failed=6002 错误提示: 连接中断。\n回到标题界面。 (code=3)
2025-12-19 16:01:12,490 - [ERROR]: 早睡晚起身体好 requested HomeIndexRequest at /home/index

2025-12-19 16:01:12,491 - [ERROR]: {
    "Accept-Encoding": "gzip",
    "User-Agent": "Dalvik/2.1.0 (Linux, U, Android 5.1.1, PCRT00 Build/LMY48Z)",
    "X-Unity-Version": "2021.3.20f1c1",
    "APP-VER": "10.7.1",
    "BATTLE-LOGIC-VERSION": "4",
    "BUNDLE-VER": "",
    "DEVICE": "2",
    "DEVICE-NAME": "OPPO PCRT00",
    "EXCEL-VER": "1.0.0",
    "GRAPHICS-DEVICE-NAME": "Adreno (TM) 640",
    "IP-ADDRESS": "10.0.2.15",
    "KEYCHAIN": "",
    "LOCALE": "CN",
    "PLATFORM-OS-VERSION": "Android OS 5.1.1 / API-22 (LMY48Z/rel.se.infra.20200612.100533)",
    "REGION-CODE": "",
    "RES-VER": "10002200",
    "SHORT-UDID": "0",
    "DEVICE-ID": "da904cfc59e5ec8740f0e6544349ad93",
    "RES-KEY": "d145b29050641dac2f8b19df0afe0e59",
    "PLATFORM": "2",
    "PLATFORM-ID": "4",
    "CHANNEL-ID": "1",
    "MANIFEST-VER": "202512161437",
    "REQUEST-ID": "2e249bc8-609c-41a1-abe2-21917fa76f03",
    "SID": "453a8e3e7a7fb6c6e95a77db287b28de"
}

2025-12-19 16:01:12,491 - [ERROR]: {
    "viewer_id": "VbORjYVUmfRVNauHU8dcGDRlMWM0YmRiYjNkODZlZTQxNDQ5NDBkYjc2MTYzZTlm",
    "message_id": 1,
    "tips_id_list": [],
    "is_first": 1,
    "gold_history": 0
}

2025-12-19 16:01:12,492 - [ERROR]: response from https://l3-prod-uo-gs-gzlj.bilibiligame.net/

2025-12-19 16:01:12,492 - [ERROR]: {
    "Server": "Tengine",
    "Date": "Fri, 19 Dec 2025 08:01:10 GMT",
    "Content-Type": "application/x-msgpack",
    "X-Cache-Lookup": "Cache Miss, Hit From Upstream Cluster, Cache Miss",
    "Transfer-Encoding": "chunked",
    "X-NWS-LOG-UUID": "9619989225261905158",
    "Connection": "keep-alive"
}

2025-12-19 16:01:12,492 - [ERROR]: {
    "data_headers": {
        "short_udid": false,
        "viewer_id": 1203526417908,
        "sid": "",
        "servertime": 1766131270,
        "result_code": 6002
    },
    "data": {
        "server_error": {
            "status": 3,
            "title": "错误提示",
            "message": "连接中断。\\n回到标题界面。"
        }
    }
}

2025-12-19 16:01:12,492 - [INFO]: 早睡晚起身体好 requested SourceIniIndexRequest at /source_ini/index?format=json
2025-12-19 16:01:12,594 - [INFO]: （月光）夏桀 requested SourceIniGetMaintenanceStatusRequest at /source_ini/get_maintenance_status?format=json
2025-12-19 16:01:12,651 - [INFO]: GET http://127.0.0.1:13200/daily/api/account/我的账号 - 200 - 127.0.0.1
2025-12-19 16:01:12,705 - [INFO]: GET http://127.0.0.1:13200/daily/api/role - 200 - 127.0.0.1
2025-12-19 16:01:12,749 - [INFO]: GET http://127.0.0.1:13200/daily/api/account/我的账号/cron - 200 - 127.0.0.1
2025-12-19 16:01:12,768 - [INFO]: GET http://127.0.0.1:13200/daily/api/query_validate - 200 - 127.0.0.1
2025-12-19 16:01:12,771 - [INFO]: （月光）夏桀 requested ToolSdkLoginRequest at /tool/sdk_login
2025-12-19 16:01:12,988 - [INFO]: （月光）rey requested HomeIndexRequest at /home/index
2025-12-19 16:01:12,993 - [INFO]: （月光）夏桀 requested CheckGameStartRequest at /check/game_start
2025-12-19 16:01:13,004 - [INFO]: 早睡晚起身体好 requested SourceIniGetMaintenanceStatusRequest at /source_ini/get_maintenance_status?format=json
2025-12-19 16:01:13,073 - [ERROR]: pcrclient: /home/index api failed=6002 错误提示: 连接中断。\n回到标题界面。 (code=3)
2025-12-19 16:01:13,073 - [ERROR]: （月光）rey requested HomeIndexRequest at /home/index

2025-12-19 16:01:13,074 - [ERROR]: {
    "Accept-Encoding": "gzip",
    "User-Agent": "Dalvik/2.1.0 (Linux, U, Android 5.1.1, PCRT00 Build/LMY48Z)",
    "X-Unity-Version": "2021.3.20f1c1",
    "APP-VER": "10.7.1",
    "BATTLE-LOGIC-VERSION": "4",
    "BUNDLE-VER": "",
    "DEVICE": "2",
    "DEVICE-NAME": "OPPO PCRT00",
    "EXCEL-VER": "1.0.0",
    "GRAPHICS-DEVICE-NAME": "Adreno (TM) 640",
    "IP-ADDRESS": "10.0.2.15",
    "KEYCHAIN": "",
    "LOCALE": "CN",
    "PLATFORM-OS-VERSION": "Android OS 5.1.1 / API-22 (LMY48Z/rel.se.infra.20200612.100533)",
    "REGION-CODE": "",
    "RES-VER": "10002200",
    "SHORT-UDID": "0",
    "DEVICE-ID": "e10965fe6aa4cc4e51ddf4186f5dd49c",
    "RES-KEY": "ab00a0a6dd915a052a2ef7fd649083e5",
    "PLATFORM": "2",
    "PLATFORM-ID": "2",
    "CHANNEL-ID": "1",
    "MANIFEST-VER": "202512161433",
    "REQUEST-ID": "b16a1bd8-f10e-4def-9af7-36472a08fcc3",
    "SID": "b6278964709c9a388bf6f741f262bff5"
}

2025-12-19 16:01:13,074 - [ERROR]: {
    "viewer_id": "4oXgfw90oFX+4dCjL2ettzY1ZGZmYTJkOWZjNWY4YzY0ZDY1NzRiYjhiMTdjMGEz",
    "message_id": 1,
    "tips_id_list": [],
    "is_first": 1,
    "gold_history": 0
}

2025-12-19 16:01:13,074 - [ERROR]: response from https://l2-prod-all-gs-gzlj.bilibiligame.net/

2025-12-19 16:01:13,074 - [ERROR]: {
    "Date": "Fri, 19 Dec 2025 08:01:11 GMT",
    "Content-Type": "application/x-msgpack",
    "Transfer-Encoding": "chunked",
    "Connection": "keep-alive",
    "Server": "openresty",
    "X-CCDN-Origin-Time": "33",
    "via": "CHN-FJningde-CMCCZJ1-CACHE19[65],CHN-FJningde-CMCCZJ1-CACHE12[62,TCP_MISS,64],CHN-SH-GLOBALZJ6-CACHE76[44],CHN-SH-GLOBALZJ6-CACHE29[42,TCP_MISS,43],CHN-SH-GLOBAL4-CACHE84[37],CHN-SH-GLOBAL4-CACHE111[33,TCP_MISS,36]",
    "x-hcs-proxy-type": "0",
    "X-CCDN-CacheTTL": "0",
    "X-CCDN-REQ-ID-46B1": "6ab58e74348dbf5272ba0f3f25d002ac"
}

2025-12-19 16:01:13,075 - [ERROR]: {
    "data_headers": {
        "short_udid": false,
        "viewer_id": 1184060638735,
        "sid": "",
        "servertime": 1766131271,
        "result_code": 6002
    },
    "data": {
        "server_error": {
            "status": 3,
            "title": "错误提示",
            "message": "连接中断。\\n回到标题界面。"
        }
    }
}

2025-12-19 16:01:13,075 - [INFO]: （月光）rey requested SourceIniIndexRequest at /source_ini/index?format=json
2025-12-19 16:01:13,100 - [INFO]: （月光）夏桀 requested LoadIndexRequest at /load/index
2025-12-19 16:01:13,169 - [INFO]: 早睡晚起身体好 requested ToolSdkLoginRequest at /tool/sdk_login
2025-12-19 16:01:13,215 - [INFO]: （月光）rey requested SourceIniGetMaintenanceStatusRequest at /source_ini/get_maintenance_status?format=json
2025-12-19 16:01:13,306 - [INFO]: （月光）rey requested ToolSdkLoginRequest at /tool/sdk_login
2025-12-19 16:01:13,394 - [INFO]: 早睡晚起身体好 requested CheckGameStartRequest at /check/game_start
2025-12-19 16:01:13,468 - [INFO]: （月光）rey requested CheckGameStartRequest at /check/game_start
2025-12-19 16:01:13,588 - [ERROR]: pcrclient: /check/game_start api failed=4 错误提示: 发生了错误(E)。\n回到标题界面。 (code=3)
2025-12-19 16:01:13,589 - [ERROR]: （月光）rey requested CheckGameStartRequest at /check/game_start

2025-12-19 16:01:13,589 - [ERROR]: {
    "Accept-Encoding": "gzip",
    "User-Agent": "Dalvik/2.1.0 (Linux, U, Android 5.1.1, PCRT00 Build/LMY48Z)",
    "X-Unity-Version": "2021.3.20f1c1",
    "APP-VER": "10.7.1",
    "BATTLE-LOGIC-VERSION": "4",
    "BUNDLE-VER": "",
    "DEVICE": "2",
    "DEVICE-NAME": "OPPO PCRT00",
    "EXCEL-VER": "1.0.0",
    "GRAPHICS-DEVICE-NAME": "Adreno (TM) 640",
    "IP-ADDRESS": "10.0.2.15",
    "KEYCHAIN": "",
    "LOCALE": "CN",
    "PLATFORM-OS-VERSION": "Android OS 5.1.1 / API-22 (LMY48Z/rel.se.infra.20200612.100533)",
    "REGION-CODE": "",
    "RES-VER": "10002200",
    "SHORT-UDID": "0",
    "DEVICE-ID": "e10965fe6aa4cc4e51ddf4186f5dd49c",
    "RES-KEY": "ab00a0a6dd915a052a2ef7fd649083e5",
    "PLATFORM": "2",
    "PLATFORM-ID": "2",
    "CHANNEL-ID": "1",
    "MANIFEST-VER": "202512161433",
    "REQUEST-ID": "2ae24bd3-dc8d-48e9-b160-820f5f44e1c1",
    "SID": "b6278964709c9a388bf6f741f262bff5"
}

2025-12-19 16:01:13,590 - [ERROR]: {
    "viewer_id": "SH0eaMNy+MR45oNOsvL7TjRkNjc4ZDE1MjZlOWQxYmJkYjUyYWQ0ZWY2NDdjNDBk",
    "apptype": 0,
    "campaign_data": "",
    "campaign_user": 41618
}

2025-12-19 16:01:13,590 - [ERROR]: response from https://le1-prod-all-gs-gzlj.bilibiligame.net/

2025-12-19 16:01:13,590 - [ERROR]: {
    "Server": "Tengine",
    "Content-Type": "application/x-msgpack",
    "Transfer-Encoding": "chunked",
    "Connection": "keep-alive",
    "Date": "Fri, 19 Dec 2025 08:01:11 GMT",
    "Via": "cache16.l2cn1823[71,0], ens-cache1.cn8448[106,0]",
    "Timing-Allow-Origin": "*",
    "EagleId": "7030bb1517661312715711035e"
}

2025-12-19 16:01:13,591 - [ERROR]: {
    "data_headers": {
        "short_udid": false,
        "viewer_id": 1184060638735,
        "sid": "",
        "servertime": 1766131271,
        "result_code": 4
    },
    "data": {
        "server_error": {
            "status": 3,
            "title": "错误提示",
            "message": "发生了错误(E)。\\n回到标题界面。"
        }
    }
}

2025-12-19 16:01:13,591 - [INFO]: （月光）rey requested SourceIniIndexRequest at /source_ini/index?format=json
2025-12-19 16:01:13,631 - [INFO]: 早睡晚起身体好 requested LoadIndexRequest at /load/index
2025-12-19 16:01:13,709 - [INFO]: （月光）rey requested SourceIniGetMaintenanceStatusRequest at /source_ini/get_maintenance_status?format=json
2025-12-19 16:01:13,838 - [INFO]: （月光）rey requested ToolSdkLoginRequest at /tool/sdk_login
2025-12-19 16:01:14,034 - [INFO]: （月光）rey requested CheckGameStartRequest at /check/game_start
2025-12-19 16:01:14,149 - [INFO]: （月光）夏桀 requested HomeIndexRequest at /home/index
2025-12-19 16:01:14,158 - [INFO]: （月光）rey requested LoadIndexRequest at /load/index
2025-12-19 16:01:14,312 - [ERROR]: pcrclient: /home/index api failed=4 错误提示: 发生了错误(E)。\n回到标题界面。 (code=3)
2025-12-19 16:01:14,313 - [ERROR]: （月光）夏桀 requested HomeIndexRequest at /home/index

2025-12-19 16:01:14,313 - [ERROR]: {
    "Accept-Encoding": "gzip",
    "User-Agent": "Dalvik/2.1.0 (Linux, U, Android 5.1.1, PCRT00 Build/LMY48Z)",
    "X-Unity-Version": "2021.3.20f1c1",
    "APP-VER": "10.7.1",
    "BATTLE-LOGIC-VERSION": "4",
    "BUNDLE-VER": "",
    "DEVICE": "2",
    "DEVICE-NAME": "OPPO PCRT00",
    "EXCEL-VER": "1.0.0",
    "GRAPHICS-DEVICE-NAME": "Adreno (TM) 640",
    "IP-ADDRESS": "10.0.2.15",
    "KEYCHAIN": "",
    "LOCALE": "CN",
    "PLATFORM-OS-VERSION": "Android OS 5.1.1 / API-22 (LMY48Z/rel.se.infra.20200612.100533)",
    "REGION-CODE": "",
    "RES-VER": "10002200",
    "SHORT-UDID": "0",
    "DEVICE-ID": "bb7d8b6b92fe6c6f8dfe5391611109ef",
    "RES-KEY": "ab00a0a6dd915a052a2ef7fd649083e5",
    "PLATFORM": "2",
    "PLATFORM-ID": "2",
    "CHANNEL-ID": "1",
    "MANIFEST-VER": "202512161433",
    "REQUEST-ID": "fca1c633-81ad-4857-93cc-633596e06b1d",
    "SID": "feb153deee2276e51b27619f0ca02b89"
}

2025-12-19 16:01:14,313 - [ERROR]: {
    "viewer_id": "IZhB+SuW6CicI642+NP/tGVlODk5YWYxNTk5NWRkMWZlMTVmOGQ5NDY4NWU0NWRh",
    "message_id": 1,
    "tips_id_list": [],
    "is_first": 1,
    "gold_history": 0
}

2025-12-19 16:01:14,313 - [ERROR]: response from https://l2-prod-all-gs-gzlj.bilibiligame.net/

2025-12-19 16:01:14,314 - [ERROR]: {
    "Date": "Fri, 19 Dec 2025 08:01:12 GMT",
    "Content-Type": "application/x-msgpack",
    "Transfer-Encoding": "chunked",
    "Connection": "keep-alive",
    "Server": "openresty",
    "X-CCDN-Origin-Time": "54",
    "via": "CHN-FJningde-CMCCZJ1-CACHE17[151],CHN-FJningde-CMCCZJ1-CACHE14[148,TCP_MISS,149],CHN-SH-GLOBALZJ6-CACHE85[64],CHN-SH-GLOBALZJ6-CACHE15[61,TCP_MISS,63],CHN-SH-GLOBAL4-CACHE57[56],CHN-SH-GLOBAL4-CACHE67[54,TCP_MISS,55]",
    "x-hcs-proxy-type": "0",
    "X-CCDN-CacheTTL": "0",
    "X-CCDN-REQ-ID-46B1": "38dada472c2ac5d605a7f86055eb7c59"
}

2025-12-19 16:01:14,314 - [ERROR]: {
    "data_headers": {
        "short_udid": false,
        "viewer_id": 1418696235578,
        "sid": "",
        "servertime": 1766131272,
        "result_code": 4
    },
    "data": {
        "server_error": {
            "status": 3,
            "title": "错误提示",
            "message": "发生了错误(E)。\\n回到标题界面。"
        }
    }
}

2025-12-19 16:01:14,314 - [INFO]: （月光）夏桀 requested SourceIniIndexRequest at /source_ini/index?format=json
2025-12-19 16:01:14,602 - [INFO]: GET http://127.0.0.1:13200/daily/api/account/我的账号/daily - 200 - 127.0.0.1
2025-12-19 16:01:14,603 - [INFO]: （月光）夏桀 requested SourceIniGetMaintenanceStatusRequest at /source_ini/get_maintenance_status?format=json
2025-12-19 16:01:15,321 - [INFO]: 早睡晚起身体好 requested HomeIndexRequest at /home/index
2025-12-19 16:01:15,328 - [INFO]: （月光）夏桀 requested ToolSdkLoginRequest at /tool/sdk_login
2025-12-19 16:01:15,444 - [INFO]: （月光）rey requested HomeIndexRequest at /home/index
2025-12-19 16:01:15,501 - [INFO]: （月光）夏桀 requested CheckGameStartRequest at /check/game_start
2025-12-19 16:01:15,510 - [ERROR]: pcrclient: /home/index api failed=6002 错误提示: 连接中断。\n回到标题界面。 (code=3)
2025-12-19 16:01:15,510 - [ERROR]: 早睡晚起身体好 requested HomeIndexRequest at /home/index

2025-12-19 16:01:15,511 - [ERROR]: {
    "Accept-Encoding": "gzip",
    "User-Agent": "Dalvik/2.1.0 (Linux, U, Android 5.1.1, PCRT00 Build/LMY48Z)",
    "X-Unity-Version": "2021.3.20f1c1",
    "APP-VER": "10.7.1",
    "BATTLE-LOGIC-VERSION": "4",
    "BUNDLE-VER": "",
    "DEVICE": "2",
    "DEVICE-NAME": "OPPO PCRT00",
    "EXCEL-VER": "1.0.0",
    "GRAPHICS-DEVICE-NAME": "Adreno (TM) 640",
    "IP-ADDRESS": "10.0.2.15",
    "KEYCHAIN": "",
    "LOCALE": "CN",
    "PLATFORM-OS-VERSION": "Android OS 5.1.1 / API-22 (LMY48Z/rel.se.infra.20200612.100533)",
    "REGION-CODE": "",
    "RES-VER": "10002200",
    "SHORT-UDID": "0",
    "DEVICE-ID": "da904cfc59e5ec8740f0e6544349ad93",
    "RES-KEY": "d145b29050641dac2f8b19df0afe0e59",
    "PLATFORM": "2",
    "PLATFORM-ID": "4",
    "CHANNEL-ID": "1",
    "MANIFEST-VER": "202512161437",
    "REQUEST-ID": "bac4aece-187b-4757-86b9-bf8d68f0a1b7",
    "SID": "6d1369b5509b5cf5578c207646d9048b"
}

2025-12-19 16:01:15,511 - [ERROR]: {
    "viewer_id": "KRInsWU/qooQl1wa3GRNMzIxZjJlMTg1MmFkNDM2ODM5ZTk0ZDQ2NzMxZjNlNDE5",
    "message_id": 1,
    "tips_id_list": [],
    "is_first": 1,
    "gold_history": 0
}

2025-12-19 16:01:15,511 - [ERROR]: response from https://l2-prod-uo-gs-gzlj.bilibiligame.net/

2025-12-19 16:01:15,511 - [ERROR]: {
    "Date": "Fri, 19 Dec 2025 08:01:13 GMT",
    "Content-Type": "application/x-msgpack",
    "Transfer-Encoding": "chunked",
    "Connection": "keep-alive",
    "Server": "openresty",
    "X-CCDN-Origin-Time": "68",
    "via": "CHN-FJningde-CMCCZJ1-CACHE8[172],CHN-FJningde-CMCCZJ1-CACHE13[168,TCP_MISS,171],CHN-SH-GLOBALZJ6-CACHE118[101],CHN-SH-GLOBALZJ6-CACHE78[98,TCP_MISS,100],CHN-SH-GLOBAL4-CACHE112[74],CHN-SH-GLOBAL4-CACHE117[68,TCP_MISS,69]",
    "x-hcs-proxy-type": "0",
    "X-CCDN-CacheTTL": "0",
    "X-CCDN-REQ-ID-46B1": "4471552b7159b6321de457355c7861d2"
}

2025-12-19 16:01:15,512 - [ERROR]: {
    "data_headers": {
        "short_udid": false,
        "viewer_id": 1203526417908,
        "sid": "",
        "servertime": 1766131273,
        "result_code": 6002
    },
    "data": {
        "server_error": {
            "status": 3,
            "title": "错误提示",
            "message": "连接中断。\\n回到标题界面。"
        }
    }
}

2025-12-19 16:01:15,512 - [INFO]: 早睡晚起身体好 requested SourceIniIndexRequest at /source_ini/index?format=json
2025-12-19 16:01:15,532 - [ERROR]: pcrclient: /home/index api failed=6002 错误提示: 连接中断。\n回到标题界面。 (code=3)
2025-12-19 16:01:15,533 - [ERROR]: （月光）rey requested HomeIndexRequest at /home/index

2025-12-19 16:01:15,533 - [ERROR]: {
    "Accept-Encoding": "gzip",
    "User-Agent": "Dalvik/2.1.0 (Linux, U, Android 5.1.1, PCRT00 Build/LMY48Z)",
    "X-Unity-Version": "2021.3.20f1c1",
    "APP-VER": "10.7.1",
    "BATTLE-LOGIC-VERSION": "4",
    "BUNDLE-VER": "",
    "DEVICE": "2",
    "DEVICE-NAME": "OPPO PCRT00",
    "EXCEL-VER": "1.0.0",
    "GRAPHICS-DEVICE-NAME": "Adreno (TM) 640",
    "IP-ADDRESS": "10.0.2.15",
    "KEYCHAIN": "",
    "LOCALE": "CN",
    "PLATFORM-OS-VERSION": "Android OS 5.1.1 / API-22 (LMY48Z/rel.se.infra.20200612.100533)",
    "REGION-CODE": "",
    "RES-VER": "10002200",
    "SHORT-UDID": "0",
    "DEVICE-ID": "e10965fe6aa4cc4e51ddf4186f5dd49c",
    "RES-KEY": "ab00a0a6dd915a052a2ef7fd649083e5",
    "PLATFORM": "2",
    "PLATFORM-ID": "2",
    "CHANNEL-ID": "1",
    "MANIFEST-VER": "202512161433",
    "REQUEST-ID": "b634c056-96ca-4170-8781-46ba159c0aac",
    "SID": "3b93963aad4b8b658e7b2ae4f94e7d35"
}

2025-12-19 16:01:15,533 - [ERROR]: {
    "viewer_id": "J+yrAzlmySVZa7Q3bNvfNGZmMjkyMmVlNmU5ZWIyMWMzMTAyZTU5OGYwOTc1MjAw",
    "message_id": 1,
    "tips_id_list": [],
    "is_first": 1,
    "gold_history": 0
}

2025-12-19 16:01:15,534 - [ERROR]: response from https://l3-prod-all-gs-gzlj.bilibiligame.net/

2025-12-19 16:01:15,534 - [ERROR]: {
    "Server": "Tengine",
    "Date": "Fri, 19 Dec 2025 08:01:13 GMT",
    "Content-Type": "application/x-msgpack",
    "X-Cache-Lookup": "Cache Miss, Hit From Upstream Cluster, Cache Miss",
    "Transfer-Encoding": "chunked",
    "X-NWS-LOG-UUID": "2267597183363167469",
    "Connection": "keep-alive"
}

2025-12-19 16:01:15,534 - [ERROR]: {
    "data_headers": {
        "short_udid": false,
        "viewer_id": 1184060638735,
        "sid": "",
        "servertime": 1766131273,
        "result_code": 6002
    },
    "data": {
        "server_error": {
            "status": 3,
            "title": "错误提示",
            "message": "连接中断。\\n回到标题界面。"
        }
    }
}

2025-12-19 16:01:15,534 - [INFO]: （月光）rey requested SourceIniIndexRequest at /source_ini/index?format=json
2025-12-19 16:01:15,580 - [INFO]: （月光）夏桀 requested LoadIndexRequest at /load/index
2025-12-19 16:01:15,585 - [INFO]: 早睡晚起身体好 requested SourceIniGetMaintenanceStatusRequest at /source_ini/get_maintenance_status?format=json
2025-12-19 16:01:15,657 - [ERROR]: pcrclient: /load/index api failed=4 错误提示: 发生了错误(E)。\n回到标题界面。 (code=3)
2025-12-19 16:01:15,658 - [ERROR]: （月光）夏桀 requested LoadIndexRequest at /load/index

2025-12-19 16:01:15,658 - [ERROR]: {
    "Accept-Encoding": "gzip",
    "User-Agent": "Dalvik/2.1.0 (Linux, U, Android 5.1.1, PCRT00 Build/LMY48Z)",
    "X-Unity-Version": "2021.3.20f1c1",
    "APP-VER": "10.7.1",
    "BATTLE-LOGIC-VERSION": "4",
    "BUNDLE-VER": "",
    "DEVICE": "2",
    "DEVICE-NAME": "OPPO PCRT00",
    "EXCEL-VER": "1.0.0",
    "GRAPHICS-DEVICE-NAME": "Adreno (TM) 640",
    "IP-ADDRESS": "10.0.2.15",
    "KEYCHAIN": "",
    "LOCALE": "CN",
    "PLATFORM-OS-VERSION": "Android OS 5.1.1 / API-22 (LMY48Z/rel.se.infra.20200612.100533)",
    "REGION-CODE": "",
    "RES-VER": "10002200",
    "SHORT-UDID": "0",
    "DEVICE-ID": "bb7d8b6b92fe6c6f8dfe5391611109ef",
    "RES-KEY": "ab00a0a6dd915a052a2ef7fd649083e5",
    "PLATFORM": "2",
    "PLATFORM-ID": "2",
    "CHANNEL-ID": "1",
    "MANIFEST-VER": "202512161433",
    "REQUEST-ID": "dd859ed8-fdae-4005-8796-a1d2d886f85e",
    "SID": "3f4804202dd16ef9fc8a7ff8beeca06c"
}

2025-12-19 16:01:15,659 - [ERROR]: {
    "viewer_id": "F6t6dIlJVstTdBl+ZxKGnjNkMWRmYjNiYTVkM2MyMDQyM2ZhZjYwMWVhMTA1ZjFl",
    "carrier": "OPPO"
}

2025-12-19 16:01:15,659 - [ERROR]: response from https://le1-prod-all-gs-gzlj.bilibiligame.net/

2025-12-19 16:01:15,660 - [ERROR]: {
    "Server": "Tengine",
    "Content-Type": "application/x-msgpack",
    "Transfer-Encoding": "chunked",
    "Connection": "keep-alive",
    "Date": "Fri, 19 Dec 2025 08:01:13 GMT",
    "Via": "cache23.l2cn1802[48,0], ens-cache1.cn8448[65,0]",
    "Timing-Allow-Origin": "*",
    "EagleId": "7030bb1517661312736847624e"
}

2025-12-19 16:01:15,660 - [ERROR]: {
    "data_headers": {
        "short_udid": false,
        "viewer_id": 1418696235578,
        "sid": "",
        "servertime": 1766131273,
        "result_code": 4
    },
    "data": {
        "server_error": {
            "status": 3,
            "title": "错误提示",
            "message": "发生了错误(E)。\\n回到标题界面。"
        }
    }
}

2025-12-19 16:01:15,660 - [INFO]: （月光）夏桀 requested SourceIniIndexRequest at /source_ini/index?format=json
2025-12-19 16:01:15,671 - [INFO]: 早睡晚起身体好 requested ToolSdkLoginRequest at /tool/sdk_login
2025-12-19 16:01:15,675 - [INFO]: （月光）rey requested SourceIniGetMaintenanceStatusRequest at /source_ini/get_maintenance_status?format=json
2025-12-19 16:01:15,777 - [INFO]: （月光）夏桀 requested SourceIniGetMaintenanceStatusRequest at /source_ini/get_maintenance_status?format=json
2025-12-19 16:01:15,783 - [INFO]: 早睡晚起身体好 requested CheckGameStartRequest at /check/game_start
2025-12-19 16:01:15,825 - [INFO]: （月光）rey requested ToolSdkLoginRequest at /tool/sdk_login
2025-12-19 16:01:15,843 - [INFO]: 早睡晚起身体好 requested LoadIndexRequest at /load/index
2025-12-19 16:01:15,895 - [INFO]: （月光）夏桀 requested ToolSdkLoginRequest at /tool/sdk_login
2025-12-19 16:01:15,999 - [INFO]: （月光）rey requested CheckGameStartRequest at /check/game_start
2025-12-19 16:01:16,018 - [INFO]: （月光）夏桀 requested CheckGameStartRequest at /check/game_start
2025-12-19 16:01:16,115 - [INFO]: （月光）rey requested LoadIndexRequest at /load/index
2025-12-19 16:01:16,146 - [INFO]: （月光）夏桀 requested LoadIndexRequest at /load/index
2025-12-19 16:01:16,276 - [ERROR]: pcrclient: /load/index api failed=4 错误提示: 发生了错误(E)。\n回到标题界面。 (code=3)
2025-12-19 16:01:16,277 - [ERROR]: （月光）rey requested LoadIndexRequest at /load/index

2025-12-19 16:01:16,277 - [ERROR]: {
    "Accept-Encoding": "gzip",
    "User-Agent": "Dalvik/2.1.0 (Linux, U, Android 5.1.1, PCRT00 Build/LMY48Z)",
    "X-Unity-Version": "2021.3.20f1c1",
    "APP-VER": "10.7.1",
    "BATTLE-LOGIC-VERSION": "4",
    "BUNDLE-VER": "",
    "DEVICE": "2",
    "DEVICE-NAME": "OPPO PCRT00",
    "EXCEL-VER": "1.0.0",
    "GRAPHICS-DEVICE-NAME": "Adreno (TM) 640",
    "IP-ADDRESS": "10.0.2.15",
    "KEYCHAIN": "",
    "LOCALE": "CN",
    "PLATFORM-OS-VERSION": "Android OS 5.1.1 / API-22 (LMY48Z/rel.se.infra.20200612.100533)",
    "REGION-CODE": "",
    "RES-VER": "10002200",
    "SHORT-UDID": "0",
    "DEVICE-ID": "e10965fe6aa4cc4e51ddf4186f5dd49c",
    "RES-KEY": "ab00a0a6dd915a052a2ef7fd649083e5",
    "PLATFORM": "2",
    "PLATFORM-ID": "2",
    "CHANNEL-ID": "1",
    "MANIFEST-VER": "202512161433",
    "REQUEST-ID": "c216e0b7-601c-43d8-96ed-263866801e18",
    "SID": "8f1362ce59775c3281dee49818e3ac13"
}

2025-12-19 16:01:16,277 - [ERROR]: {
    "viewer_id": "OgC43R+2ABdOcsL9gL/NbWZjODRjZDUzZWNlNTFhZjlmOWM0NWVmNzBlNDRjODYy",
    "carrier": "OPPO"
}

2025-12-19 16:01:16,277 - [ERROR]: response from https://l2-prod-all-gs-gzlj.bilibiligame.net/

2025-12-19 16:01:16,278 - [ERROR]: {
    "Date": "Fri, 19 Dec 2025 08:01:14 GMT",
    "Content-Type": "application/x-msgpack",
    "Transfer-Encoding": "chunked",
    "Connection": "keep-alive",
    "Server": "openresty",
    "X-CCDN-Origin-Time": "77",
    "via": "CHN-FJningde-CMCCZJ1-CACHE17[149],CHN-FJningde-CMCCZJ1-CACHE5[138,TCP_MISS,139],CHN-SH-GLOBALZJ6-CACHE142[86],CHN-SH-GLOBALZJ6-CACHE125[85,TCP_MISS,85],CHN-SH-GLOBAL4-CACHE99[79],CHN-SH-GLOBAL4-CACHE146[77,TCP_MISS,77]",
    "x-hcs-proxy-type": "0",
    "X-CCDN-CacheTTL": "0",
    "X-CCDN-REQ-ID-46B1": "5441ded300c6d4b90a75d9001d3cc961"
}

2025-12-19 16:01:16,278 - [ERROR]: {
    "data_headers": {
        "short_udid": false,
        "viewer_id": 1184060638735,
        "sid": "",
        "servertime": 1766131274,
        "result_code": 4
    },
    "data": {
        "server_error": {
            "status": 3,
            "title": "错误提示",
            "message": "发生了错误(E)。\\n回到标题界面。"
        }
    }
}

2025-12-19 16:01:16,828 - [INFO]: 早睡晚起身体好 requested HomeIndexRequest at /home/index
2025-12-19 16:01:17,217 - [INFO]: （月光）夏桀 requested HomeIndexRequest at /home/index
2025-12-19 16:01:17,396 - [INFO]: 早睡晚起身体好 requested DailyTaskTopRequest at /daily_task/top
2025-12-19 16:01:17,398 - [ERROR]: pcrclient: /home/index api failed=6002 错误提示: 连接中断。\n回到标题界面。 (code=3)
2025-12-19 16:01:17,398 - [ERROR]: （月光）夏桀 requested HomeIndexRequest at /home/index

2025-12-19 16:01:17,399 - [ERROR]: {
    "Accept-Encoding": "gzip",
    "User-Agent": "Dalvik/2.1.0 (Linux, U, Android 5.1.1, PCRT00 Build/LMY48Z)",
    "X-Unity-Version": "2021.3.20f1c1",
    "APP-VER": "10.7.1",
    "BATTLE-LOGIC-VERSION": "4",
    "BUNDLE-VER": "",
    "DEVICE": "2",
    "DEVICE-NAME": "OPPO PCRT00",
    "EXCEL-VER": "1.0.0",
    "GRAPHICS-DEVICE-NAME": "Adreno (TM) 640",
    "IP-ADDRESS": "10.0.2.15",
    "KEYCHAIN": "",
    "LOCALE": "CN",
    "PLATFORM-OS-VERSION": "Android OS 5.1.1 / API-22 (LMY48Z/rel.se.infra.20200612.100533)",
    "REGION-CODE": "",
    "RES-VER": "10002200",
    "SHORT-UDID": "0",
    "DEVICE-ID": "bb7d8b6b92fe6c6f8dfe5391611109ef",
    "RES-KEY": "ab00a0a6dd915a052a2ef7fd649083e5",
    "PLATFORM": "2",
    "PLATFORM-ID": "2",
    "CHANNEL-ID": "1",
    "MANIFEST-VER": "202512161433",
    "REQUEST-ID": "db8b7a36-9f65-4474-a161-586812f7bf40",
    "SID": "7340c7511103489372338af4aa0726bc"
}

2025-12-19 16:01:17,400 - [ERROR]: {
    "viewer_id": "D0atp9TOgq8BKPgZ/Yib4jc0YTZkNjI5YzdkMzE4NmRlMGM2MDhjMzk5NTZhZGQy",
    "message_id": 1,
    "tips_id_list": [],
    "is_first": 1,
    "gold_history": 0
}

2025-12-19 16:01:17,400 - [ERROR]: response from https://l3-prod-all-gs-gzlj.bilibiligame.net/

2025-12-19 16:01:17,400 - [ERROR]: {
    "Server": "Tengine",
    "Date": "Fri, 19 Dec 2025 08:01:15 GMT",
    "Content-Type": "application/x-msgpack",
    "X-Cache-Lookup": "Cache Miss, Hit From Upstream Cluster, Cache Miss",
    "Transfer-Encoding": "chunked",
    "X-NWS-LOG-UUID": "13395535626086322065",
    "Connection": "keep-alive"
}

2025-12-19 16:01:17,400 - [ERROR]: {
    "data_headers": {
        "short_udid": false,
        "viewer_id": 1418696235578,
        "sid": "",
        "servertime": 1766131275,
        "result_code": 6002
    },
    "data": {
        "server_error": {
            "status": 3,
            "title": "错误提示",
            "message": "连接中断。\\n回到标题界面。"
        }
    }
}

2025-12-19 16:01:17,401 - [INFO]: （月光）夏桀 requested SourceIniIndexRequest at /source_ini/index?format=json
2025-12-19 16:01:17,446 - [ERROR]: pcrclient: /daily_task/top api failed=4 错误提示: 发生了错误(E)。\n回到标题界面。 (code=3)
2025-12-19 16:01:17,447 - [ERROR]: 早睡晚起身体好 requested DailyTaskTopRequest at /daily_task/top

2025-12-19 16:01:17,447 - [ERROR]: {
    "Accept-Encoding": "gzip",
    "User-Agent": "Dalvik/2.1.0 (Linux, U, Android 5.1.1, PCRT00 Build/LMY48Z)",
    "X-Unity-Version": "2021.3.20f1c1",
    "APP-VER": "10.7.1",
    "BATTLE-LOGIC-VERSION": "4",
    "BUNDLE-VER": "",
    "DEVICE": "2",
    "DEVICE-NAME": "OPPO PCRT00",
    "EXCEL-VER": "1.0.0",
    "GRAPHICS-DEVICE-NAME": "Adreno (TM) 640",
    "IP-ADDRESS": "10.0.2.15",
    "KEYCHAIN": "",
    "LOCALE": "CN",
    "PLATFORM-OS-VERSION": "Android OS 5.1.1 / API-22 (LMY48Z/rel.se.infra.20200612.100533)",
    "REGION-CODE": "",
    "RES-VER": "10002200",
    "SHORT-UDID": "0",
    "DEVICE-ID": "da904cfc59e5ec8740f0e6544349ad93",
    "RES-KEY": "d145b29050641dac2f8b19df0afe0e59",
    "PLATFORM": "2",
    "PLATFORM-ID": "4",
    "CHANNEL-ID": "1",
    "MANIFEST-VER": "202512161437",
    "REQUEST-ID": "8230a33d-ec52-4ed3-8185-d576b3cff8d4",
    "SID": "e3b3b32b985b578f70ad225a00edc3f8"
}

2025-12-19 16:01:17,448 - [ERROR]: {
    "viewer_id": "FYLdf8Mmy/C/fk6l5JT3ADMxNGI0MzM2ODliOGE1ODZmMDIyNzU5MDIzYzc4YTU3",
    "setting_alchemy_count": 1,
    "is_check_by_term_normal_gacha": 0
}

2025-12-19 16:01:17,448 - [ERROR]: response from https://l1-prod-uo-gs-gzlj.bilibiligame.net/

2025-12-19 16:01:17,449 - [ERROR]: {
    "Server": "Tengine",
    "Content-Type": "application/x-msgpack",
    "Content-Length": "300",
    "Connection": "keep-alive",
    "Date": "Fri, 19 Dec 2025 08:01:15 GMT",
    "Via": "cache3.l2cn8060[34,33,200-0,M], cache3.l2cn8060[35,0], ens-cache22.cn8587[35,34,200-0,M], ens-cache22.cn8587[37,0]",
    "Ali-Swift-Global-Savetime": "1766131275",
    "X-Cache": "MISS TCP_MISS dirn:-2:-2",
    "X-Swift-SaveTime": "Fri, 19 Dec 2025 08:01:15 GMT",
    "X-Swift-CacheTime": "0",
    "Timing-Allow-Origin": "*",
    "EagleId": "7030b61c17661312755056976e"
}

2025-12-19 16:01:17,450 - [ERROR]: {
    "data_headers": {
        "short_udid": false,
        "viewer_id": 1203526417908,
        "sid": "",
        "servertime": 1766131275,
        "result_code": 4
    },
    "data": {
        "server_error": {
            "status": 3,
            "title": "错误提示",
            "message": "发生了错误(E)。\\n回到标题界面。"
        }
    }
}

2025-12-19 16:01:17,450 - [INFO]: 早睡晚起身体好 requested SourceIniIndexRequest at /source_ini/index?format=json
2025-12-19 16:01:17,566 - [INFO]: （月光）夏桀 requested SourceIniGetMaintenanceStatusRequest at /source_ini/get_maintenance_status?format=json
2025-12-19 16:01:17,573 - [INFO]: 早睡晚起身体好 requested SourceIniGetMaintenanceStatusRequest at /source_ini/get_maintenance_status?format=json
2025-12-19 16:01:17,692 - [INFO]: 早睡晚起身体好 requested ToolSdkLoginRequest at /tool/sdk_login
2025-12-19 16:01:17,726 - [INFO]: （月光）夏桀 requested ToolSdkLoginRequest at /tool/sdk_login
2025-12-19 16:01:17,884 - [INFO]: 早睡晚起身体好 requested CheckGameStartRequest at /check/game_start
2025-12-19 16:01:17,927 - [INFO]: （月光）夏桀 requested CheckGameStartRequest at /check/game_start
2025-12-19 16:01:18,028 - [INFO]: 早睡晚起身体好 requested LoadIndexRequest at /load/index
2025-12-19 16:01:18,118 - [INFO]: （月光）夏桀 requested LoadIndexRequest at /load/index
2025-12-19 16:01:19,111 - [INFO]: 早睡晚起身体好 requested HomeIndexRequest at /home/index
2025-12-19 16:01:19,228 - [INFO]: （月光）夏桀 requested HomeIndexRequest at /home/index
2025-12-19 16:01:19,293 - [ERROR]: pcrclient: /home/index api failed=4 错误提示: 发生了错误(E)。\n回到标题界面。 (code=3)
2025-12-19 16:01:19,293 - [ERROR]: 早睡晚起身体好 requested HomeIndexRequest at /home/index

2025-12-19 16:01:19,294 - [ERROR]: {
    "Accept-Encoding": "gzip",
    "User-Agent": "Dalvik/2.1.0 (Linux, U, Android 5.1.1, PCRT00 Build/LMY48Z)",
    "X-Unity-Version": "2021.3.20f1c1",
    "APP-VER": "10.7.1",
    "BATTLE-LOGIC-VERSION": "4",
    "BUNDLE-VER": "",
    "DEVICE": "2",
    "DEVICE-NAME": "OPPO PCRT00",
    "EXCEL-VER": "1.0.0",
    "GRAPHICS-DEVICE-NAME": "Adreno (TM) 640",
    "IP-ADDRESS": "10.0.2.15",
    "KEYCHAIN": "",
    "LOCALE": "CN",
    "PLATFORM-OS-VERSION": "Android OS 5.1.1 / API-22 (LMY48Z/rel.se.infra.20200612.100533)",
    "REGION-CODE": "",
    "RES-VER": "10002200",
    "SHORT-UDID": "0",
    "DEVICE-ID": "da904cfc59e5ec8740f0e6544349ad93",
    "RES-KEY": "d145b29050641dac2f8b19df0afe0e59",
    "PLATFORM": "2",
    "PLATFORM-ID": "4",
    "CHANNEL-ID": "1",
    "MANIFEST-VER": "202512161437",
    "REQUEST-ID": "bb584205-88bc-4249-ae3a-8d541e90e1b9",
    "SID": "c5365af5ec430c422783d256ef9707c2"
}

2025-12-19 16:01:19,294 - [ERROR]: {
    "viewer_id": "ZdS3rFgF9eXIEKhVIUvYujYxYTE0MGFhMTY0M2NmY2FjMjIwYmY4YjRiODE2YTk3",
    "message_id": 1,
    "tips_id_list": [],
    "is_first": 1,
    "gold_history": 0
}

2025-12-19 16:01:19,295 - [ERROR]: response from https://l3-prod-uo-gs-gzlj.bilibiligame.net/

2025-12-19 16:01:19,295 - [ERROR]: {
    "Server": "Tengine",
    "Date": "Fri, 19 Dec 2025 08:01:17 GMT",
    "Content-Type": "application/x-msgpack",
    "X-Cache-Lookup": "Cache Miss, Hit From Upstream Cluster, Cache Miss",
    "Transfer-Encoding": "chunked",
    "X-NWS-LOG-UUID": "76446533135726373",
    "Connection": "keep-alive"
}

2025-12-19 16:01:19,295 - [ERROR]: {
    "data_headers": {
        "short_udid": false,
        "viewer_id": 1203526417908,
        "sid": "",
        "servertime": 1766131277,
        "result_code": 4
    },
    "data": {
        "server_error": {
            "status": 3,
            "title": "错误提示",
            "message": "发生了错误(E)。\\n回到标题界面。"
        }
    }
}

2025-12-19 16:01:19,370 - [ERROR]: pcrclient: /home/index api failed=6002 错误提示: 连接中断。\n回到标题界面。 (code=3)
2025-12-19 16:01:19,370 - [ERROR]: （月光）夏桀 requested HomeIndexRequest at /home/index

2025-12-19 16:01:19,371 - [ERROR]: {
    "Accept-Encoding": "gzip",
    "User-Agent": "Dalvik/2.1.0 (Linux, U, Android 5.1.1, PCRT00 Build/LMY48Z)",
    "X-Unity-Version": "2021.3.20f1c1",
    "APP-VER": "10.7.1",
    "BATTLE-LOGIC-VERSION": "4",
    "BUNDLE-VER": "",
    "DEVICE": "2",
    "DEVICE-NAME": "OPPO PCRT00",
    "EXCEL-VER": "1.0.0",
    "GRAPHICS-DEVICE-NAME": "Adreno (TM) 640",
    "IP-ADDRESS": "10.0.2.15",
    "KEYCHAIN": "",
    "LOCALE": "CN",
    "PLATFORM-OS-VERSION": "Android OS 5.1.1 / API-22 (LMY48Z/rel.se.infra.20200612.100533)",
    "REGION-CODE": "",
    "RES-VER": "10002200",
    "SHORT-UDID": "0",
    "DEVICE-ID": "bb7d8b6b92fe6c6f8dfe5391611109ef",
    "RES-KEY": "ab00a0a6dd915a052a2ef7fd649083e5",
    "PLATFORM": "2",
    "PLATFORM-ID": "2",
    "CHANNEL-ID": "1",
    "MANIFEST-VER": "202512161433",
    "REQUEST-ID": "4256d046-970b-4467-84e9-e14bf2218cf1",
    "SID": "063b022db6318854f96a9ba0ad15a7ad"
}

2025-12-19 16:01:19,371 - [ERROR]: {
    "viewer_id": "dRG3JNZq5LnqhztqXGU7y2ZhMjNiNjgwNzdlNzE1MjMwZDJmMzMwMTM3NGIxOThh",
    "message_id": 1,
    "tips_id_list": [],
    "is_first": 1,
    "gold_history": 0
}

2025-12-19 16:01:19,371 - [ERROR]: response from https://l2-prod-all-gs-gzlj.bilibiligame.net/

2025-12-19 16:01:19,372 - [ERROR]: {
    "Date": "Fri, 19 Dec 2025 08:01:17 GMT",
    "Content-Type": "application/x-msgpack",
    "Transfer-Encoding": "chunked",
    "Connection": "keep-alive",
    "Server": "openresty",
    "X-CCDN-Origin-Time": "39",
    "via": "CHN-FJningde-CMCCZJ1-CACHE17[129],CHN-FJningde-CMCCZJ1-CACHE9[126,TCP_MISS,127],CHN-SH-GLOBALZJ6-CACHE66[62],CHN-SH-GLOBALZJ6-CACHE123[57,TCP_MISS,61],CHN-SH-GLOBAL4-CACHE81[41],CHN-SH-GLOBAL4-CACHE58[39,TCP_MISS,39]",
    "x-hcs-proxy-type": "0",
    "X-CCDN-CacheTTL": "0",
    "X-CCDN-REQ-ID-46B1": "00cb8686743620af49ad08fb3a67c5eb"
}

2025-12-19 16:01:19,372 - [ERROR]: {
    "data_headers": {
        "short_udid": false,
        "viewer_id": 1418696235578,
        "sid": "",
        "servertime": 1766131277,
        "result_code": 6002
    },
    "data": {
        "server_error": {
            "status": 3,
            "title": "错误提示",
            "message": "连接中断。\\n回到标题界面。"
        }
    }
}

